# JRE version: OpenJDK Runtime Environment Temurin-17.0.5+8 (17.0.5+8) (build 17.0.5+8)
# Java VM: OpenJDK 64-Bit Server VM Temurin-17.0.5+8 (17.0.5+8, mixed mode, emulated-client, tiered, compressed oops, compressed class ptrs, g1 gc, windows-amd64)
GC Precious Log:
 CPUs: 4 total, 4 available
 Memory: 3986M
 Large Page Support: Disabled
 NUMA Support: Disabled
 Compressed Oops: Enabled (32-bit)
 Heap Region Size: 1M
 Heap Min Capacity: 8M
 Heap Initial Capacity: 64M
 Heap Max Capacity: 998M
 Pre-touch: Disabled
 Parallel Workers: 4
 Concurrent Workers: 1
 Concurrent Refinement Workers: 4
 Periodic GC: Disabled
Heap:
 garbage-first heap   total 137216K, used 39822K [0x00000000c1a00000, 0x0000000100000000)
  region size 1024K, 1 young (1024K), 0 survivors (0K)
 Metaspace       used 63993K, committed 64448K, reserved 1105920K
  class space    used 8561K, committed 8768K, reserved 1048576K
GC Heap History (20 events):
Event: 18787.585 GC heap before
{Heap before GC invocations=992 (full 926):
 garbage-first heap   total 137216K, used 39870K [0x00000000c1a00000, 0x0000000100000000)
  region size 1024K, 1 young (1024K), 0 survivors (0K)
 Metaspace       used 63990K, committed 64448K, reserved 1105920K
  class space    used 8560K, committed 8768K, reserved 1048576K
}
Event: 18787.639 GC heap after
{Heap after GC invocations=993 (full 927):
 garbage-first heap   total 137216K, used 39870K [0x00000000c1a00000, 0x0000000100000000)
  region size 1024K, 0 young (0K), 0 survivors (0K)
 Metaspace       used 63990K, committed 64448K, reserved 1105920K
  class space    used 8560K, committed 8768K, reserved 1048576K
}
Event: 18797.883 GC heap before
{Heap before GC invocations=993 (full 927):
 garbage-first heap   total 137216K, used 39870K [0x00000000c1a00000, 0x0000000100000000)
  region size 1024K, 1 young (1024K), 0 survivors (0K)
 Metaspace       used 63990K, committed 64448K, reserved 1105920K
  class space    used 8560K, committed 8768K, reserved 1048576K
}
Event: 18797.943 GC heap after
{Heap after GC invocations=994 (full 928):
 garbage-first heap   total 137216K, used 39870K [0x00000000c1a00000, 0x0000000100000000)
  region size 1024K, 0 young (0K), 0 survivors (0K)
 Metaspace       used 63990K, committed 64448K, reserved 1105920K
  class space    used 8560K, committed 8768K, reserved 1048576K
}
Event: 18808.355 GC heap before
{Heap before GC invocations=994 (full 928):
 garbage-first heap   total 137216K, used 39870K [0x00000000c1a00000, 0x0000000100000000)
  region size 1024K, 1 young (1024K), 0 survivors (0K)
 Metaspace       used 63990K, committed 64448K, reserved 1105920K
  class space    used 8560K, committed 8768K, reserved 1048576K
}
Event: 18808.412 GC heap after
{Heap after GC invocations=995 (full 929):
 garbage-first heap   total 137216K, used 39870K [0x00000000c1a00000, 0x0000000100000000)
  region size 1024K, 0 young (0K), 0 survivors (0K)
 Metaspace       used 63990K, committed 64448K, reserved 1105920K
  class space    used 8560K, committed 8768K, reserved 1048576K
}
Event: 18818.622 GC heap before
{Heap before GC invocations=995 (full 929):
 garbage-first heap   total 137216K, used 39870K [0x00000000c1a00000, 0x0000000100000000)
  region size 1024K, 1 young (1024K), 0 survivors (0K)
 Metaspace       used 63990K, committed 64448K, reserved 1105920K
  class space    used 8560K, committed 8768K, reserved 1048576K
}
Event: 18818.679 GC heap after
{Heap after GC invocations=996 (full 930):
 garbage-first heap   total 137216K, used 39870K [0x00000000c1a00000, 0x0000000100000000)
  region size 1024K, 0 young (0K), 0 survivors (0K)
 Metaspace       used 63990K, committed 64448K, reserved 1105920K
  class space    used 8560K, committed 8768K, reserved 1048576K
}
Event: 18828.921 GC heap before
{Heap before GC invocations=996 (full 930):
 garbage-first heap   total 137216K, used 39870K [0x00000000c1a00000, 0x0000000100000000)
  region size 1024K, 1 young (1024K), 0 survivors (0K)
 Metaspace       used 63990K, committed 64448K, reserved 1105920K
  class space    used 8560K, committed 8768K, reserved 1048576K
}
Event: 18828.982 GC heap after
{Heap after GC invocations=997 (full 931):
 garbage-first heap   total 137216K, used 39870K [0x00000000c1a00000, 0x0000000100000000)
  region size 1024K, 0 young (0K), 0 survivors (0K)
 Metaspace       used 63990K, committed 64448K, reserved 1105920K
  class space    used 8560K, committed 8768K, reserved 1048576K
}
Event: 18839.176 GC heap before
{Heap before GC invocations=997 (full 931):
 garbage-first heap   total 137216K, used 39870K [0x00000000c1a00000, 0x0000000100000000)
  region size 1024K, 1 young (1024K), 0 survivors (0K)
 Metaspace       used 63990K, committed 64448K, reserved 1105920K
  class space    used 8560K, committed 8768K, reserved 1048576K
}
Event: 18839.224 GC heap after
{Heap after GC invocations=998 (full 932):
 garbage-first heap   total 137216K, used 39870K [0x00000000c1a00000, 0x0000000100000000)
  region size 1024K, 0 young (0K), 0 survivors (0K)
 Metaspace       used 63990K, committed 64448K, reserved 1105920K
  class space    used 8560K, committed 8768K, reserved 1048576K
}
Event: 18940.526 GC heap before
{Heap before GC invocations=998 (full 932):
 garbage-first heap   total 137216K, used 48062K [0x00000000c1a00000, 0x0000000100000000)
  region size 1024K, 9 young (9216K), 0 survivors (0K)
 Metaspace       used 63990K, committed 64448K, reserved 1105920K
  class space    used 8560K, committed 8768K, reserved 1048576K
}
Event: 18940.969 GC heap after
{Heap after GC invocations=999 (full 933):
 garbage-first heap   total 137216K, used 39834K [0x00000000c1a00000, 0x0000000100000000)
  region size 1024K, 0 young (0K), 0 survivors (0K)
 Metaspace       used 63990K, committed 64448K, reserved 1105920K
  class space    used 8560K, committed 8768K, reserved 1048576K
}
Event: 18955.310 GC heap before
{Heap before GC invocations=999 (full 933):
 garbage-first heap   total 137216K, used 40858K [0x00000000c1a00000, 0x0000000100000000)
  region size 1024K, 2 young (2048K), 0 survivors (0K)
 Metaspace       used 63990K, committed 64448K, reserved 1105920K
  class space    used 8560K, committed 8768K, reserved 1048576K
}
Event: 18955.544 GC heap after
{Heap after GC invocations=1000 (full 934):
 garbage-first heap   total 137216K, used 39833K [0x00000000c1a00000, 0x0000000100000000)
  region size 1024K, 0 young (0K), 0 survivors (0K)
 Metaspace       used 63990K, committed 64448K, reserved 1105920K
  class space    used 8560K, committed 8768K, reserved 1048576K
}
Event: 18971.900 GC heap before
{Heap before GC invocations=1000 (full 934):
 garbage-first heap   total 137216K, used 117657K [0x00000000c1a00000, 0x0000000100000000)
  region size 1024K, 76 young (77824K), 0 survivors (0K)
 Metaspace       used 63993K, committed 64448K, reserved 1105920K
  class space    used 8561K, committed 8768K, reserved 1048576K
}
Event: 18971.928 GC heap after
{Heap after GC invocations=1001 (full 934):
 garbage-first heap   total 137216K, used 42606K [0x00000000c1a00000, 0x0000000100000000)
  region size 1024K, 3 young (3072K), 3 survivors (3072K)
 Metaspace       used 63993K, committed 64448K, reserved 1105920K
  class space    used 8561K, committed 8768K, reserved 1048576K
}
Event: 19010.673 GC heap before
{Heap before GC invocations=1001 (full 934):
 garbage-first heap   total 137216K, used 70254K [0x00000000c1a00000, 0x0000000100000000)
  region size 1024K, 31 young (31744K), 3 survivors (3072K)
 Metaspace       used 63993K, committed 64448K, reserved 1105920K
  class space    used 8561K, committed 8768K, reserved 1048576K
}
Event: 19011.122 GC heap after
{Heap after GC invocations=1002 (full 935):
 garbage-first heap   total 137216K, used 39822K [0x00000000c1a00000, 0x0000000100000000)
  region size 1024K, 0 young (0K), 0 survivors (0K)
 Metaspace       used 63993K, committed 64448K, reserved 1105920K
  class space    used 8561K, committed 8768K, reserved 1048576K
}

