# JRE version: OpenJDK Runtime Environment Temurin-17.0.5+8 (17.0.5+8) (build 17.0.5+8)
# Java VM: OpenJDK 64-Bit Server VM Temurin-17.0.5+8 (17.0.5+8, mixed mode, emulated-client, tiered, compressed oops, compressed class ptrs, g1 gc, windows-amd64)
GC Precious Log:
 CPUs: 4 total, 4 available
 Memory: 3986M
 Large Page Support: Disabled
 NUMA Support: Disabled
 Compressed Oops: Enabled (32-bit)
 Heap Region Size: 1M
 Heap Min Capacity: 8M
 Heap Initial Capacity: 64M
 Heap Max Capacity: 998M
 Pre-touch: Disabled
 Parallel Workers: 4
 Concurrent Workers: 1
 Concurrent Refinement Workers: 4
 Periodic GC: Disabled
Heap:
 garbage-first heap   total 133120K, used 45128K [0x00000000c1a00000, 0x0000000100000000)
  region size 1024K, 7 young (7168K), 0 survivors (0K)
 Metaspace       used 57449K, committed 58112K, reserved 1105920K
  class space    used 7899K, committed 8192K, reserved 1048576K
GC Heap History (20 events):
Event: 3875.533 GC heap before
{Heap before GC invocations=213 (full 161):
 garbage-first heap   total 133120K, used 38981K [0x00000000c1a00000, 0x0000000100000000)
  region size 1024K, 1 young (1024K), 0 survivors (0K)
 Metaspace       used 57449K, committed 58112K, reserved 1105920K
  class space    used 7899K, committed 8192K, reserved 1048576K
}
Event: 3875.581 GC heap after
{Heap after GC invocations=214 (full 162):
 garbage-first heap   total 133120K, used 38981K [0x00000000c1a00000, 0x0000000100000000)
  region size 1024K, 0 young (0K), 0 survivors (0K)
 Metaspace       used 57449K, committed 58112K, reserved 1105920K
  class space    used 7899K, committed 8192K, reserved 1048576K
}
Event: 3885.824 GC heap before
{Heap before GC invocations=214 (full 162):
 garbage-first heap   total 133120K, used 38981K [0x00000000c1a00000, 0x0000000100000000)
  region size 1024K, 1 young (1024K), 0 survivors (0K)
 Metaspace       used 57449K, committed 58112K, reserved 1105920K
  class space    used 7899K, committed 8192K, reserved 1048576K
}
Event: 3885.874 GC heap after
{Heap after GC invocations=215 (full 163):
 garbage-first heap   total 133120K, used 38981K [0x00000000c1a00000, 0x0000000100000000)
  region size 1024K, 0 young (0K), 0 survivors (0K)
 Metaspace       used 57449K, committed 58112K, reserved 1105920K
  class space    used 7899K, committed 8192K, reserved 1048576K
}
Event: 3896.170 GC heap before
{Heap before GC invocations=215 (full 163):
 garbage-first heap   total 133120K, used 38981K [0x00000000c1a00000, 0x0000000100000000)
  region size 1024K, 1 young (1024K), 0 survivors (0K)
 Metaspace       used 57449K, committed 58112K, reserved 1105920K
  class space    used 7899K, committed 8192K, reserved 1048576K
}
Event: 3896.218 GC heap after
{Heap after GC invocations=216 (full 164):
 garbage-first heap   total 133120K, used 38981K [0x00000000c1a00000, 0x0000000100000000)
  region size 1024K, 0 young (0K), 0 survivors (0K)
 Metaspace       used 57449K, committed 58112K, reserved 1105920K
  class space    used 7899K, committed 8192K, reserved 1048576K
}
Event: 3906.435 GC heap before
{Heap before GC invocations=216 (full 164):
 garbage-first heap   total 133120K, used 38981K [0x00000000c1a00000, 0x0000000100000000)
  region size 1024K, 1 young (1024K), 0 survivors (0K)
 Metaspace       used 57449K, committed 58112K, reserved 1105920K
  class space    used 7899K, committed 8192K, reserved 1048576K
}
Event: 3906.480 GC heap after
{Heap after GC invocations=217 (full 165):
 garbage-first heap   total 133120K, used 38981K [0x00000000c1a00000, 0x0000000100000000)
  region size 1024K, 0 young (0K), 0 survivors (0K)
 Metaspace       used 57449K, committed 58112K, reserved 1105920K
  class space    used 7899K, committed 8192K, reserved 1048576K
}
Event: 3916.749 GC heap before
{Heap before GC invocations=217 (full 165):
 garbage-first heap   total 133120K, used 38981K [0x00000000c1a00000, 0x0000000100000000)
  region size 1024K, 1 young (1024K), 0 survivors (0K)
 Metaspace       used 57449K, committed 58112K, reserved 1105920K
  class space    used 7899K, committed 8192K, reserved 1048576K
}
Event: 3916.796 GC heap after
{Heap after GC invocations=218 (full 166):
 garbage-first heap   total 133120K, used 38981K [0x00000000c1a00000, 0x0000000100000000)
  region size 1024K, 0 young (0K), 0 survivors (0K)
 Metaspace       used 57449K, committed 58112K, reserved 1105920K
  class space    used 7899K, committed 8192K, reserved 1048576K
}
Event: 3926.988 GC heap before
{Heap before GC invocations=218 (full 166):
 garbage-first heap   total 133120K, used 38981K [0x00000000c1a00000, 0x0000000100000000)
  region size 1024K, 1 young (1024K), 0 survivors (0K)
 Metaspace       used 57449K, committed 58112K, reserved 1105920K
  class space    used 7899K, committed 8192K, reserved 1048576K
}
Event: 3927.027 GC heap after
{Heap after GC invocations=219 (full 167):
 garbage-first heap   total 133120K, used 38981K [0x00000000c1a00000, 0x0000000100000000)
  region size 1024K, 0 young (0K), 0 survivors (0K)
 Metaspace       used 57449K, committed 58112K, reserved 1105920K
  class space    used 7899K, committed 8192K, reserved 1048576K
}
Event: 3937.260 GC heap before
{Heap before GC invocations=219 (full 167):
 garbage-first heap   total 133120K, used 38981K [0x00000000c1a00000, 0x0000000100000000)
  region size 1024K, 1 young (1024K), 0 survivors (0K)
 Metaspace       used 57449K, committed 58112K, reserved 1105920K
  class space    used 7899K, committed 8192K, reserved 1048576K
}
Event: 3937.310 GC heap after
{Heap after GC invocations=220 (full 168):
 garbage-first heap   total 133120K, used 38981K [0x00000000c1a00000, 0x0000000100000000)
  region size 1024K, 0 young (0K), 0 survivors (0K)
 Metaspace       used 57449K, committed 58112K, reserved 1105920K
  class space    used 7899K, committed 8192K, reserved 1048576K
}
Event: 3977.610 GC heap before
{Heap before GC invocations=220 (full 168):
 garbage-first heap   total 133120K, used 40005K [0x00000000c1a00000, 0x0000000100000000)
  region size 1024K, 2 young (2048K), 0 survivors (0K)
 Metaspace       used 57449K, committed 58112K, reserved 1105920K
  class space    used 7899K, committed 8192K, reserved 1048576K
}
Event: 3977.654 GC heap after
{Heap after GC invocations=221 (full 169):
 garbage-first heap   total 133120K, used 38984K [0x00000000c1a00000, 0x0000000100000000)
  region size 1024K, 0 young (0K), 0 survivors (0K)
 Metaspace       used 57449K, committed 58112K, reserved 1105920K
  class space    used 7899K, committed 8192K, reserved 1048576K
}
Event: 3987.914 GC heap before
{Heap before GC invocations=221 (full 169):
 garbage-first heap   total 133120K, used 38984K [0x00000000c1a00000, 0x0000000100000000)
  region size 1024K, 1 young (1024K), 0 survivors (0K)
 Metaspace       used 57449K, committed 58112K, reserved 1105920K
  class space    used 7899K, committed 8192K, reserved 1048576K
}
Event: 3987.962 GC heap after
{Heap after GC invocations=222 (full 170):
 garbage-first heap   total 133120K, used 38984K [0x00000000c1a00000, 0x0000000100000000)
  region size 1024K, 0 young (0K), 0 survivors (0K)
 Metaspace       used 57449K, committed 58112K, reserved 1105920K
  class space    used 7899K, committed 8192K, reserved 1048576K
}
Event: 3998.174 GC heap before
{Heap before GC invocations=222 (full 170):
 garbage-first heap   total 133120K, used 38984K [0x00000000c1a00000, 0x0000000100000000)
  region size 1024K, 1 young (1024K), 0 survivors (0K)
 Metaspace       used 57449K, committed 58112K, reserved 1105920K
  class space    used 7899K, committed 8192K, reserved 1048576K
}
Event: 3998.215 GC heap after
{Heap after GC invocations=223 (full 171):
 garbage-first heap   total 133120K, used 38984K [0x00000000c1a00000, 0x0000000100000000)
  region size 1024K, 0 young (0K), 0 survivors (0K)
 Metaspace       used 57449K, committed 58112K, reserved 1105920K
  class space    used 7899K, committed 8192K, reserved 1048576K
}

